---------------------------------------------------------------------------------

. do "/var/folders/1q/hqfy933d4vl448qy7tdqstx80000gn/T//SD26308.000000"

. astile mkup3=mkup,nq(3)

. gen mkup_group2=(mkup3==2)

. gen mkup_group3=(mkup3==3)

. gen d_mkup_group2=d*mkup_group2

. gen d_mkup_group3=d*mkup_group3

. foreach num of numlist 10 15 20 30 45{
  2.      replace weights=(1-abs(zc/`num'))
  3.      reghdfe $y zc d zc_d d_mkup_group2 d_mkup_group3 capt lqrat mang profit
>  soes [aw=weights] if zc>=-`num' & zc<=`num',absorb(i.city i.year i.city#i.year
> )
  4. }
(968,029 real changes made)
(dropped 21 singleton observations)
(MWFE estimator converged in 2 iterations)

HDFE Linear regression                            Number of obs   =    121,871
Absorbing 3 HDFE groups                           F(  10, 120539) =     744.28
                                                  Prob > F        =     0.0000
                                                  R-squared       =     0.1278
                                                  Adj R-squared   =     0.1182
                                                  Within R-sq.    =     0.0582
                                                  Root MSE        =     1.1906

-------------------------------------------------------------------------------
   ln_d_mpl_b |      Coef.   Std. Err.      t    P>|t|     [95% Conf. Interval]
--------------+----------------------------------------------------------------
           zc |   .0016485   .0021789     0.76   0.449    -.0026221    .0059191
            d |    .319863   .0144209    22.18   0.000     .2915983    .3481277
         zc_d |    .002415   .0030179     0.80   0.424       -.0035      .00833
d_mkup_group2 |  -.8106773   .0124886   -64.91   0.000    -.8351548   -.7861997
d_mkup_group3 |  -.1436518   .0122478   -11.73   0.000    -.1676574   -.1196463
         capt |     .10911   .0028109    38.82   0.000     .1036008    .1146193
        lqrat |   -.061671    .015658    -3.94   0.000    -.0923603   -.0309817
         mang |   .0006726   .0000373    18.05   0.000     .0005996    .0007457
       profit |   .0908366   .0186096     4.88   0.000     .0543621    .1273111
         soes |   .1844133   .0221944     8.31   0.000     .1409127    .2279139
        _cons |    1.23034   .0329242    37.37   0.000     1.165809    1.294871
-------------------------------------------------------------------------------

Absorbed degrees of freedom:
-----------------------------------------------------+
 Absorbed FE | Categories  - Redundant  = Num. Coefs |
-------------+---------------------------------------|
        city |       338           0         338     |
        year |         4           1           3     |
   city#year |      1319         338         981    ?|
-----------------------------------------------------+
? = number of redundant parameters may be higher
(968,029 real changes made)
(dropped 18 singleton observations)
(MWFE estimator converged in 2 iterations)

HDFE Linear regression                            Number of obs   =    184,831
Absorbing 3 HDFE groups                           F(  10, 183481) =    1053.89
                                                  Prob > F        =     0.0000
                                                  R-squared       =     0.1193
                                                  Adj R-squared   =     0.1128
                                                  Within R-sq.    =     0.0543
                                                  Root MSE        =     1.1925

-------------------------------------------------------------------------------
   ln_d_mpl_b |      Coef.   Std. Err.      t    P>|t|     [95% Conf. Interval]
--------------+----------------------------------------------------------------
           zc |   .0013996    .001121     1.25   0.212    -.0007976    .0035967
            d |   .3326277   .0117558    28.29   0.000     .3095867    .3556687
         zc_d |  -.0005491    .001633    -0.34   0.737    -.0037498    .0026517
d_mkup_group2 |  -.8140821   .0107484   -75.74   0.000    -.8351487   -.7930155
d_mkup_group3 |   -.151162   .0104973   -14.40   0.000    -.1717364   -.1305876
         capt |   .1082103   .0022717    47.63   0.000     .1037577    .1126628
        lqrat |  -.0501051   .0127402    -3.93   0.000    -.0750757   -.0251346
         mang |   .0008521   .0000345    24.70   0.000     .0007845    .0009197
       profit |   .0529761    .011109     4.77   0.000     .0312027    .0747496
         soes |   .1978194   .0179903    11.00   0.000     .1625588    .2330799
        _cons |   1.227855   .0266028    46.16   0.000     1.175714    1.279995
-------------------------------------------------------------------------------

Absorbed degrees of freedom:
-----------------------------------------------------+
 Absorbed FE | Categories  - Redundant  = Num. Coefs |
-------------+---------------------------------------|
        city |       340           0         340     |
        year |         4           1           3     |
   city#year |      1337         340         997    ?|
-----------------------------------------------------+
? = number of redundant parameters may be higher
(968,029 real changes made)
(dropped 19 singleton observations)
(MWFE estimator converged in 2 iterations)

HDFE Linear regression                            Number of obs   =    245,256
Absorbing 3 HDFE groups                           F(  10, 243897) =    1344.28
                                                  Prob > F        =     0.0000
                                                  R-squared       =     0.1153
                                                  Adj R-squared   =     0.1104
                                                  Within R-sq.    =     0.0522
                                                  Root MSE        =     1.1922

-------------------------------------------------------------------------------
   ln_d_mpl_b |      Coef.   Std. Err.      t    P>|t|     [95% Conf. Interval]
--------------+----------------------------------------------------------------
           zc |   .0010114    .000711     1.42   0.155    -.0003822    .0024049
            d |   .3398971    .010262    33.12   0.000     .3197838    .3600104
         zc_d |  -.0008325   .0010776    -0.77   0.440    -.0029446    .0012795
d_mkup_group2 |  -.8169492   .0096841   -84.36   0.000    -.8359299   -.7979686
d_mkup_group3 |  -.1561623   .0094365   -16.55   0.000    -.1746576   -.1376669
         capt |    .107086   .0019665    54.46   0.000     .1032317    .1109403
        lqrat |  -.0479473   .0110909    -4.32   0.000    -.0696853   -.0262093
         mang |   .0009891   .0000326    30.33   0.000     .0009252    .0010531
       profit |   .0515739   .0089154     5.78   0.000        .0341    .0690479
         soes |   .2014295   .0155589    12.95   0.000     .1709344    .2319246
        _cons |   1.232363   .0229517    53.69   0.000     1.187378    1.277347
-------------------------------------------------------------------------------

Absorbed degrees of freedom:
-----------------------------------------------------+
 Absorbed FE | Categories  - Redundant  = Num. Coefs |
-------------+---------------------------------------|
        city |       342           0         342     |
        year |         4           1           3     |
   city#year |      1346         342        1004    ?|
-----------------------------------------------------+
? = number of redundant parameters may be higher
(968,029 real changes made)
(dropped 18 singleton observations)
(MWFE estimator converged in 2 iterations)

HDFE Linear regression                            Number of obs   =    349,600
Absorbing 3 HDFE groups                           F(  10, 348235) =    1773.62
                                                  Prob > F        =     0.0000
                                                  R-squared       =     0.1093
                                                  Adj R-squared   =     0.1059
                                                  Within R-sq.    =     0.0485
                                                  Root MSE        =     1.1907

-------------------------------------------------------------------------------
   ln_d_mpl_b |      Coef.   Std. Err.      t    P>|t|     [95% Conf. Interval]
--------------+----------------------------------------------------------------
           zc |   .0008366   .0003797     2.20   0.028     .0000924    .0015808
            d |   .3521177   .0087825    40.09   0.000     .3349042    .3693313
         zc_d |  -.0020452   .0006419    -3.19   0.001    -.0033033    -.000787
d_mkup_group2 |  -.8172986   .0086082   -94.94   0.000    -.8341703   -.8004268
d_mkup_group3 |  -.1671147   .0083643   -19.98   0.000    -.1835085   -.1507209
         capt |   .1051013   .0016406    64.06   0.000     .1018859    .1083167
        lqrat |  -.0479159   .0093429    -5.13   0.000    -.0662277   -.0296041
         mang |   .0011562   .0000298    38.79   0.000     .0010978    .0012146
       profit |   .0413647   .0060769     6.81   0.000     .0294541    .0532752
         soes |   .2033485   .0130198    15.62   0.000     .1778301    .2288669
        _cons |   1.248023   .0190978    65.35   0.000     1.210592    1.285454
-------------------------------------------------------------------------------

Absorbed degrees of freedom:
-----------------------------------------------------+
 Absorbed FE | Categories  - Redundant  = Num. Coefs |
-------------+---------------------------------------|
        city |       343           0         343     |
        year |         4           1           3     |
   city#year |      1352         343        1009    ?|
-----------------------------------------------------+
? = number of redundant parameters may be higher
(968,029 real changes made)
(dropped 16 singleton observations)
(MWFE estimator converged in 2 iterations)

HDFE Linear regression                            Number of obs   =    471,725
Absorbing 3 HDFE groups                           F(  10, 470353) =    2213.53
                                                  Prob > F        =     0.0000
                                                  R-squared       =     0.1043
                                                  Adj R-squared   =     0.1017
                                                  Within R-sq.    =     0.0449
                                                  Root MSE        =     1.1875

-------------------------------------------------------------------------------
   ln_d_mpl_b |      Coef.   Std. Err.      t    P>|t|     [95% Conf. Interval]
--------------+----------------------------------------------------------------
           zc |   .0004139   .0002117     1.96   0.051    -9.33e-07    .0008288
            d |   .3660868    .007838    46.71   0.000     .3507246     .381449
         zc_d |    -.00237   .0004345    -5.45   0.000    -.0032216   -.0015184
d_mkup_group2 |   -.818548    .007941  -103.08   0.000     -.834112    -.802984
d_mkup_group3 |  -.1778739   .0077007   -23.10   0.000     -.192967   -.1627808
         capt |   .1035719   .0014039    73.78   0.000     .1008203    .1063234
        lqrat |   -.050527   .0081095    -6.23   0.000    -.0664215   -.0346326
         mang |   .0013318   .0000276    48.17   0.000     .0012776    .0013859
       profit |   .0060724   .0021432     2.83   0.005     .0018718     .010273
         soes |   .2093925   .0110604    18.93   0.000     .1877144    .2310706
        _cons |   1.261075   .0163366    77.19   0.000     1.229056    1.293094
-------------------------------------------------------------------------------

Absorbed degrees of freedom:
-----------------------------------------------------+
 Absorbed FE | Categories  - Redundant  = Num. Coefs |
-------------+---------------------------------------|
        city |       343           0         343     |
        year |         4           1           3     |
   city#year |      1359         343        1016    ?|
-----------------------------------------------------+
? = number of redundant parameters may be higher

. 
end of do-file
---------------------------------------------------------------------------------
