---------------------------------------------------------------------------------

. do "/var/folders/1q/hqfy933d4vl448qy7tdqstx80000gn/T//SD26308.000000"

. local vars capt lqrat profit mang soes

. foreach var of varlist `vars'{
  2.      replace weights=(1-abs(zc/10))
  3.      reghdfe `var' zc d zc_d capt lqrat mang profit soes [aw=weights] if zc>
> =-10 & zc<=10,absorb(i.city i.year i.city#i.year)
  4. } 
(968,029 real changes made)
(dropped 21 singleton observations)
(MWFE estimator converged in 2 iterations)
warning: missing F statistic; dropped variables due to collinearity or too few cl
> usters

HDFE Linear regression                            Number of obs   =    121,871
Absorbing 3 HDFE groups                           F(   8, 120541) =          .
                                                  Prob > F        =          .
                                                  R-squared       =     1.0000
                                                  Adj R-squared   =     1.0000
                                                  Within R-sq.    =     1.0000
                                                  Root MSE        =     0.0000

------------------------------------------------------------------------------
        capt |      Coef.   Std. Err.      t    P>|t|     [95% Conf. Interval]
-------------+----------------------------------------------------------------
          zc |   2.60e-18   4.45e-17     0.06   0.953    -8.46e-17    8.98e-17
           d |  -1.16e-15   2.49e-16    -4.67   0.000    -1.65e-15   -6.73e-16
        zc_d |  -7.81e-17   6.17e-17    -1.27   0.205    -1.99e-16    4.27e-17
        capt |          1   5.73e-17  1.7e+16   0.000            1           1
       lqrat |  -1.00e-14   3.20e-16   -31.35   0.000    -1.07e-14   -9.40e-15
        mang |   1.44e-17   7.61e-19    18.91   0.000     1.29e-17    1.59e-17
      profit |   7.48e-15   3.80e-16    19.69   0.000     6.73e-15    8.22e-15
        soes |   3.08e-14   4.53e-16    67.96   0.000     2.99e-14    3.17e-14
       _cons |   1.99e-13   6.72e-16   295.98   0.000     1.97e-13    2.00e-13
------------------------------------------------------------------------------

Absorbed degrees of freedom:
-----------------------------------------------------+
 Absorbed FE | Categories  - Redundant  = Num. Coefs |
-------------+---------------------------------------|
        city |       338           0         338     |
        year |         4           1           3     |
   city#year |      1319         338         981    ?|
-----------------------------------------------------+
? = number of redundant parameters may be higher
(0 real changes made)
(dropped 21 singleton observations)
(MWFE estimator converged in 2 iterations)
warning: missing F statistic; dropped variables due to collinearity or too few cl
> usters

HDFE Linear regression                            Number of obs   =    121,871
Absorbing 3 HDFE groups                           F(   8, 120541) =          .
                                                  Prob > F        =          .
                                                  R-squared       =     1.0000
                                                  Adj R-squared   =     1.0000
                                                  Within R-sq.    =     1.0000
                                                  Root MSE        =     0.0000

------------------------------------------------------------------------------
       lqrat |      Coef.   Std. Err.      t    P>|t|     [95% Conf. Interval]
-------------+----------------------------------------------------------------
          zc |  -1.38e-19   1.43e-18    -0.10   0.923    -2.94e-18    2.66e-18
           d |  -3.29e-18   7.98e-18    -0.41   0.680    -1.89e-17    1.24e-17
        zc_d |   2.70e-18   1.98e-18     1.36   0.173    -1.18e-18    6.58e-18
        capt |  -1.67e-18   1.84e-18    -0.91   0.364    -5.27e-18    1.93e-18
       lqrat |          1   1.03e-17  9.7e+16   0.000            1           1
        mang |  -6.57e-20   2.44e-20    -2.69   0.007    -1.14e-19   -1.78e-20
      profit |  -1.66e-16   1.22e-17   -13.61   0.000    -1.90e-16   -1.42e-16
        soes |  -1.74e-16   1.46e-17   -11.96   0.000    -2.03e-16   -1.46e-16
       _cons |   3.17e-15   2.16e-17   147.01   0.000     3.13e-15    3.21e-15
------------------------------------------------------------------------------

Absorbed degrees of freedom:
-----------------------------------------------------+
 Absorbed FE | Categories  - Redundant  = Num. Coefs |
-------------+---------------------------------------|
        city |       338           0         338     |
        year |         4           1           3     |
   city#year |      1319         338         981    ?|
-----------------------------------------------------+
? = number of redundant parameters may be higher
(0 real changes made)
(dropped 21 singleton observations)
(MWFE estimator converged in 2 iterations)
warning: missing F statistic; dropped variables due to collinearity or too few cl
> usters

HDFE Linear regression                            Number of obs   =    121,871
Absorbing 3 HDFE groups                           F(   8, 120541) =          .
                                                  Prob > F        =          .
                                                  R-squared       =     1.0000
                                                  Adj R-squared   =     1.0000
                                                  Within R-sq.    =     1.0000
                                                  Root MSE        =     0.0000

------------------------------------------------------------------------------
      profit |      Coef.   Std. Err.      t    P>|t|     [95% Conf. Interval]
-------------+----------------------------------------------------------------
          zc |   3.33e-19   8.64e-18     0.04   0.969    -1.66e-17    1.73e-17
           d |   6.03e-17   4.83e-17     1.25   0.212    -3.43e-17    1.55e-16
        zc_d |  -1.38e-17   1.20e-17    -1.15   0.249    -3.73e-17    9.65e-18
        capt |   9.15e-18   1.11e-17     0.82   0.410    -1.26e-17    3.09e-17
       lqrat |  -2.49e-16   6.21e-17    -4.01   0.000    -3.71e-16   -1.27e-16
        mang |   1.01e-18   1.48e-19     6.82   0.000     7.18e-19    1.30e-18
      profit |          1   7.37e-17  1.4e+16   0.000            1           1
        soes |  -2.53e-17   8.80e-17    -0.29   0.774    -1.98e-16    1.47e-16
       _cons |   3.67e-15   1.30e-16    28.10   0.000     3.41e-15    3.92e-15
------------------------------------------------------------------------------

Absorbed degrees of freedom:
-----------------------------------------------------+
 Absorbed FE | Categories  - Redundant  = Num. Coefs |
-------------+---------------------------------------|
        city |       338           0         338     |
        year |         4           1           3     |
   city#year |      1319         338         981    ?|
-----------------------------------------------------+
? = number of redundant parameters may be higher
(0 real changes made)
(dropped 21 singleton observations)
(MWFE estimator converged in 2 iterations)
warning: missing F statistic; dropped variables due to collinearity or too few cl
> usters

HDFE Linear regression                            Number of obs   =    121,871
Absorbing 3 HDFE groups                           F(   8, 120541) =          .
                                                  Prob > F        =          .
                                                  R-squared       =     1.0000
                                                  Adj R-squared   =     1.0000
                                                  Within R-sq.    =     1.0000
                                                  Root MSE        =     0.0000

------------------------------------------------------------------------------
        mang |      Coef.   Std. Err.      t    P>|t|     [95% Conf. Interval]
-------------+----------------------------------------------------------------
          zc |   3.86e-16   3.26e-15     0.12   0.906    -6.00e-15    6.77e-15
           d |  -3.08e-14   1.82e-14    -1.69   0.091    -6.64e-14    4.89e-15
        zc_d |   6.21e-15   4.51e-15     1.38   0.169    -2.63e-15    1.51e-14
        capt |   4.24e-15   4.19e-15     1.01   0.312    -3.98e-15    1.25e-14
       lqrat |  -3.15e-14   2.34e-14    -1.35   0.179    -7.74e-14    1.44e-14
        mang |          1   5.57e-17  1.8e+16   0.000            1           1
      profit |   9.58e-15   2.78e-14     0.34   0.730    -4.49e-14    6.41e-14
        soes |  -2.37e-15   3.32e-14    -0.07   0.943    -6.74e-14    6.26e-14
       _cons |  -2.28e-13   4.92e-14    -4.63   0.000    -3.24e-13   -1.31e-13
------------------------------------------------------------------------------

Absorbed degrees of freedom:
-----------------------------------------------------+
 Absorbed FE | Categories  - Redundant  = Num. Coefs |
-------------+---------------------------------------|
        city |       338           0         338     |
        year |         4           1           3     |
   city#year |      1319         338         981    ?|
-----------------------------------------------------+
? = number of redundant parameters may be higher
(0 real changes made)
(dropped 21 singleton observations)
(MWFE estimator converged in 2 iterations)
warning: missing F statistic; dropped variables due to collinearity or too few cl
> usters

HDFE Linear regression                            Number of obs   =    121,871
Absorbing 3 HDFE groups                           F(   8, 120541) =          .
                                                  Prob > F        =          .
                                                  R-squared       =     1.0000
                                                  Adj R-squared   =     1.0000
                                                  Within R-sq.    =     1.0000
                                                  Root MSE        =     0.0000

------------------------------------------------------------------------------
        soes |      Coef.   Std. Err.      t    P>|t|     [95% Conf. Interval]
-------------+----------------------------------------------------------------
          zc |  -1.29e-19   7.09e-18    -0.02   0.986    -1.40e-17    1.38e-17
           d |   3.95e-18   3.96e-17     0.10   0.920    -7.37e-17    8.16e-17
        zc_d |  -1.38e-17   9.83e-18    -1.41   0.160    -3.31e-17    5.44e-18
        capt |  -2.42e-17   9.13e-18    -2.65   0.008    -4.21e-17   -6.31e-18
       lqrat |   2.82e-19   5.10e-17     0.01   0.996    -9.96e-17    1.00e-16
        mang |   2.48e-19   1.21e-19     2.04   0.041     1.03e-20    4.86e-19
      profit |   4.26e-16   6.05e-17     7.04   0.000     3.08e-16    5.45e-16
        soes |          1   7.22e-17  1.4e+16   0.000            1           1
       _cons |   8.51e-16   1.07e-16     7.95   0.000     6.42e-16    1.06e-15
------------------------------------------------------------------------------

Absorbed degrees of freedom:
-----------------------------------------------------+
 Absorbed FE | Categories  - Redundant  = Num. Coefs |
-------------+---------------------------------------|
        city |       338           0         338     |
        year |         4           1           3     |
   city#year |      1319         338         981    ?|
-----------------------------------------------------+
? = number of redundant parameters may be higher

. 
end of do-file

---------------------------------------------------------------------------------
