---------------------------------------------------------------------------------
 

. drop labint labint3 labint_group2 labint_group3 d_labint_group2 d_labint_group3

. do "/var/folders/1q/hqfy933d4vl448qy7tdqstx80000gn/T//SD26308.000000"

. gen labint=L/K
(2,382 missing values generated)

. astile labint3=labint,nq(3)

. gen labint_group2=(labint3==2)

. gen labint_group3=(labint3==3)

. gen d_labint_group2=d*labint_group2

. gen d_labint_group3=d*labint_group3

. foreach num of numlist 10 15 20 30 45{
  2.      replace weights=(1-abs(zc/`num'))
  3.      reghdfe $y zc d zc_d d_labint_group2 d_labint_group3 capt lqrat mang pr
> ofit soes [aw=weights] if zc>=-`num' & zc<=`num',absorb(i.city i.year i.city#i.
> year)
  4. }
(976,062 real changes made)
(dropped 21 singleton observations)
(MWFE estimator converged in 2 iterations)

HDFE Linear regression                            Number of obs   =    121,871
Absorbing 3 HDFE groups                           F(  10, 120539) =     271.10
                                                  Prob > F        =     0.0000
                                                  R-squared       =     0.0943
                                                  Adj R-squared   =     0.0843
                                                  Within R-sq.    =     0.0220
                                                  Root MSE        =     1.2133

--------------------------------------------------------------------------------
    ln_d_mpl_b |      Coef.   Std. Err.      t    P>|t|     [95% Conf. Interval]
---------------+----------------------------------------------------------------
            zc |   .0015435   .0022203     0.70   0.487    -.0028083    .0058954
             d |  -.0079036   .0141311    -0.56   0.576    -.0356003     .019793
          zc_d |    .003314   .0030753     1.08   0.281    -.0027135    .0093415
d_labint_gro~2 |  -.1186734   .0122195    -9.71   0.000    -.1426235   -.0947234
d_labint_gro~3 |   .1465663   .0128154    11.44   0.000     .1214484    .1716842
          capt |   .1156679   .0029764    38.86   0.000     .1098343    .1215016
         lqrat |  -.0755164   .0159769    -4.73   0.000    -.1068309   -.0442019
          mang |   .0006861    .000038    18.07   0.000     .0006117    .0007605
        profit |   .0915626   .0189457     4.83   0.000     .0544293    .1286959
          soes |   .1834258   .0226108     8.11   0.000     .1391091    .2277425
         _cons |   1.180396   .0342596    34.45   0.000     1.113248    1.247544
--------------------------------------------------------------------------------

Absorbed degrees of freedom:
-----------------------------------------------------+
 Absorbed FE | Categories  - Redundant  = Num. Coefs |
-------------+---------------------------------------|
        city |       338           0         338     |
        year |         4           1           3     |
   city#year |      1319         338         981    ?|
-----------------------------------------------------+
? = number of redundant parameters may be higher
(968,029 real changes made)
(dropped 18 singleton observations)
(MWFE estimator converged in 2 iterations)

HDFE Linear regression                            Number of obs   =    184,831
Absorbing 3 HDFE groups                           F(  10, 183481) =     415.43
                                                  Prob > F        =     0.0000
                                                  R-squared       =     0.0893
                                                  Adj R-squared   =     0.0826
                                                  Within R-sq.    =     0.0221
                                                  Root MSE        =     1.2127

--------------------------------------------------------------------------------
    ln_d_mpl_b |      Coef.   Std. Err.      t    P>|t|     [95% Conf. Interval]
---------------+----------------------------------------------------------------
            zc |   .0011903   .0011399     1.04   0.296     -.001044    .0034245
             d |   .0004672   .0113833     0.04   0.967    -.0218439    .0227783
          zc_d |   .0000512   .0016607     0.03   0.975    -.0032037    .0033061
d_labint_gro~2 |  -.1154442   .0104574   -11.04   0.000    -.1359405   -.0949479
d_labint_gro~3 |   .1498319   .0109124    13.73   0.000     .1284439    .1712199
          capt |    .114328     .00239    47.84   0.000     .1096437    .1190123
         lqrat |  -.0625321   .0129715    -4.82   0.000     -.087956   -.0371083
          mang |   .0008696   .0000351    24.80   0.000     .0008009    .0009383
        profit |   .0548913   .0112924     4.86   0.000     .0327585    .0770242
          soes |   .1952914   .0182904    10.68   0.000     .1594426    .2311401
         _cons |   1.179912    .027565    42.80   0.000     1.125885    1.233939
--------------------------------------------------------------------------------

Absorbed degrees of freedom:
-----------------------------------------------------+
 Absorbed FE | Categories  - Redundant  = Num. Coefs |
-------------+---------------------------------------|
        city |       340           0         340     |
        year |         4           1           3     |
   city#year |      1337         340         997    ?|
-----------------------------------------------------+
? = number of redundant parameters may be higher
(968,029 real changes made)
(dropped 19 singleton observations)
(MWFE estimator converged in 2 iterations)

HDFE Linear regression                            Number of obs   =    245,256
Absorbing 3 HDFE groups                           F(  10, 243897) =     557.09
                                                  Prob > F        =     0.0000
                                                  R-squared       =     0.0874
                                                  Adj R-squared   =     0.0823
                                                  Within R-sq.    =     0.0223
                                                  Root MSE        =     1.2108

--------------------------------------------------------------------------------
    ln_d_mpl_b |      Coef.   Std. Err.      t    P>|t|     [95% Conf. Interval]
---------------+----------------------------------------------------------------
            zc |   .0008223   .0007221     1.14   0.255    -.0005931    .0022377
             d |   .0013303   .0098905     0.13   0.893    -.0180548    .0207155
          zc_d |  -.0003324   .0010946    -0.30   0.761    -.0024778    .0018131
d_labint_gro~2 |  -.1105347   .0093791   -11.79   0.000    -.1289174   -.0921519
d_labint_gro~3 |   .1572452    .009764    16.10   0.000     .1381079    .1763824
          capt |   .1130734   .0020608    54.87   0.000     .1090343    .1171125
         lqrat |  -.0602131   .0112785    -5.34   0.000    -.0823187   -.0381075
          mang |   .0010098   .0000331    30.50   0.000     .0009449    .0010747
        profit |   .0532553   .0090525     5.88   0.000     .0355126    .0709979
          soes |    .198011   .0157999    12.53   0.000     .1670437    .2289784
         _cons |   1.185407   .0237173    49.98   0.000     1.138921    1.231892
--------------------------------------------------------------------------------

Absorbed degrees of freedom:
-----------------------------------------------------+
 Absorbed FE | Categories  - Redundant  = Num. Coefs |
-------------+---------------------------------------|
        city |       342           0         342     |
        year |         4           1           3     |
   city#year |      1346         342        1004    ?|
-----------------------------------------------------+
? = number of redundant parameters may be higher
(968,029 real changes made)
(dropped 18 singleton observations)
(MWFE estimator converged in 2 iterations)

HDFE Linear regression                            Number of obs   =    349,600
Absorbing 3 HDFE groups                           F(  10, 348235) =     794.93
                                                  Prob > F        =     0.0000
                                                  R-squared       =     0.0849
                                                  Adj R-squared   =     0.0813
                                                  Within R-sq.    =     0.0223
                                                  Root MSE        =     1.2070

--------------------------------------------------------------------------------
    ln_d_mpl_b |      Coef.   Std. Err.      t    P>|t|     [95% Conf. Interval]
---------------+----------------------------------------------------------------
            zc |   .0007219   .0003849     1.88   0.061    -.0000325    .0014762
             d |   .0002777   .0083977     0.03   0.974    -.0161814    .0167369
          zc_d |  -.0016359   .0006508    -2.51   0.012    -.0029115   -.0003603
d_labint_gro~2 |   -.098649   .0082932   -11.90   0.000    -.1149035   -.0823946
d_labint_gro~3 |   .1735623   .0086039    20.17   0.000     .1566989    .1904258
          capt |   .1109344   .0017091    64.91   0.000     .1075846    .1142842
         lqrat |   -.059215   .0094813    -6.25   0.000    -.0777981   -.0406319
          mang |   .0011773   .0000302    38.99   0.000     .0011181    .0012365
        profit |   .0423717   .0061588     6.88   0.000     .0303006    .0544429
          soes |   .1995778   .0131951    15.13   0.000     .1737157    .2254399
         _cons |   1.201924   .0196512    61.16   0.000     1.163409     1.24044
--------------------------------------------------------------------------------

Absorbed degrees of freedom:
-----------------------------------------------------+
 Absorbed FE | Categories  - Redundant  = Num. Coefs |
-------------+---------------------------------------|
        city |       343           0         343     |
        year |         4           1           3     |
   city#year |      1352         343        1009    ?|
-----------------------------------------------------+
? = number of redundant parameters may be higher
(968,029 real changes made)
(dropped 16 singleton observations)
(MWFE estimator converged in 2 iterations)

HDFE Linear regression                            Number of obs   =    471,725
Absorbing 3 HDFE groups                           F(  10, 470353) =    1081.43
                                                  Prob > F        =     0.0000
                                                  R-squared       =     0.0832
                                                  Adj R-squared   =     0.0805
                                                  Within R-sq.    =     0.0225
                                                  Root MSE        =     1.2013

--------------------------------------------------------------------------------
    ln_d_mpl_b |      Coef.   Std. Err.      t    P>|t|     [95% Conf. Interval]
---------------+----------------------------------------------------------------
            zc |   .0003631   .0002141     1.70   0.090    -.0000566    .0007829
             d |   .0019775    .007435     0.27   0.790     -.012595    .0165499
          zc_d |  -.0020712   .0004397    -4.71   0.000    -.0029329   -.0012094
d_labint_gro~2 |  -.0877553   .0076319   -11.50   0.000    -.1027136    -.072797
d_labint_gro~3 |    .187344   .0078759    23.79   0.000     .1719074    .2027805
          capt |   .1090598    .001454    75.01   0.000       .10621    .1119095
         lqrat |   -.061211   .0082133    -7.45   0.000    -.0773089   -.0451132
          mang |   .0013516    .000028    48.36   0.000     .0012969    .0014064
        profit |   .0062239   .0021682     2.87   0.004     .0019743    .0104735
          soes |   .2058841   .0111883    18.40   0.000     .1839553    .2278129
         _cons |   1.218131   .0167372    72.78   0.000     1.185326    1.250935
--------------------------------------------------------------------------------

Absorbed degrees of freedom:
-----------------------------------------------------+
 Absorbed FE | Categories  - Redundant  = Num. Coefs |
-------------+---------------------------------------|
        city |       343           0         343     |
        year |         4           1           3     |
   city#year |      1359         343        1016    ?|
-----------------------------------------------------+
? = number of redundant parameters may be higher

. 
end of do-file


---------------------------------------------------------------------------------
